12.07.2020 18:36:15: jon 468473791	 Щавель
12.07.2020 18:36:26: jon 468473791	 Ннн
12.07.2020 18:36:27: jon 468473791	 Р
12.07.2020 18:37:53: jon 468473791	 Гризли
12.07.2020 18:48:41: jon 468473791	 Собаки
12.07.2020 18:49:40: jon 468473791	 Слоны
12.07.2020 18:49:46: jon 468473791	 Кошелек
12.07.2020 18:50:12: jon 468473791	 Зубная нить
12.07.2020 18:55:30: jon 468473791	 Месседж
12.07.2020 18:55:57: jon 468473791	 Кукушка
12.07.2020 18:59:49: jon 468473791	 1
12.07.2020 18:59:52: jon 468473791	 2
12.07.2020 18:59:53: jon 468473791	 4
12.07.2020 18:59:59: jon 468473791	 6
12.07.2020 19:00:02: jon 468473791	 Ты
12.07.2020 19:00:10: jon 468473791	 Рроовоаллалслаллалаллвлллалвьвлаллслалвллчллвлвлалла
12.07.2020 19:01:21: jon 468473791	 6
12.07.2020 19:01:24: jon 468473791	 Ироп
12.07.2020 19:01:30: jon 468473791	 Шкшо
12.07.2020 19:04:22: jon 468473791	 Некромант вася
12.07.2020 19:04:38: jon 468473791	 Злобный дед
12.07.2020 19:20:36: jon 468473791	 Сложно
12.07.2020 19:29:58: jon 468473791	 C
12.07.2020 19:30:24: jon 468473791	 
